  OpenGL_4_Application_VS2015.cpp
c:\users\miches\desktop\gpsproject4\opengl_4_application_vs2015\opengl_4_application_vs2015.cpp(227): warning C4244: 'argument': conversion from 'double' to 'float', possible loss of data
c:\users\miches\desktop\gpsproject4\opengl_4_application_vs2015\opengl_4_application_vs2015.cpp(467): warning C4305: 'argument': truncation from 'double' to 'GLclampf'
c:\users\miches\desktop\gpsproject4\opengl_4_application_vs2015\opengl_4_application_vs2015.cpp(614): warning C4244: '=': conversion from 'double' to 'float', possible loss of data
c:\users\miches\desktop\gpsproject4\opengl_4_application_vs2015\opengl_4_application_vs2015.cpp(628): warning C4244: 'argument': conversion from 'int' to 'float', possible loss of data
c:\users\miches\desktop\gpsproject4\opengl_4_application_vs2015\opengl_4_application_vs2015.cpp(641): warning C4244: 'argument': conversion from 'int' to 'float', possible loss of data
c:\users\miches\desktop\gpsproject4\opengl_4_application_vs2015\opengl_4_application_vs2015.cpp(652): warning C4244: 'argument': conversion from 'int' to 'float', possible loss of data
c:\users\miches\desktop\gpsproject4\opengl_4_application_vs2015\opengl_4_application_vs2015.cpp(664): warning C4244: 'argument': conversion from 'int' to 'float', possible loss of data
c:\users\miches\desktop\gpsproject4\opengl_4_application_vs2015\opengl_4_application_vs2015.cpp(677): warning C4244: 'argument': conversion from 'int' to 'float', possible loss of data
c:\users\miches\desktop\gpsproject4\opengl_4_application_vs2015\opengl_4_application_vs2015.cpp(688): warning C4244: 'argument': conversion from 'int' to 'float', possible loss of data
c:\users\miches\desktop\gpsproject4\opengl_4_application_vs2015\opengl_4_application_vs2015.cpp(700): warning C4244: 'argument': conversion from 'int' to 'float', possible loss of data
c:\users\miches\desktop\gpsproject4\opengl_4_application_vs2015\opengl_4_application_vs2015.cpp(724): warning C4244: 'argument': conversion from 'int' to 'float', possible loss of data
c:\users\miches\desktop\gpsproject4\opengl_4_application_vs2015\opengl_4_application_vs2015.cpp(736): warning C4244: 'argument': conversion from 'int' to 'float', possible loss of data
c:\users\miches\desktop\gpsproject4\opengl_4_application_vs2015\opengl_4_application_vs2015.cpp(748): warning C4244: 'argument': conversion from 'int' to 'float', possible loss of data
c:\users\miches\desktop\gpsproject4\opengl_4_application_vs2015\opengl_4_application_vs2015.cpp(760): warning C4244: 'argument': conversion from 'double' to 'float', possible loss of data
c:\users\miches\desktop\gpsproject4\opengl_4_application_vs2015\opengl_4_application_vs2015.cpp(772): warning C4244: 'argument': conversion from 'int' to 'float', possible loss of data
c:\users\miches\desktop\gpsproject4\opengl_4_application_vs2015\opengl_4_application_vs2015.cpp(784): warning C4244: 'argument': conversion from 'double' to 'float', possible loss of data
c:\users\miches\desktop\gpsproject4\opengl_4_application_vs2015\opengl_4_application_vs2015.cpp(796): warning C4244: 'argument': conversion from 'int' to 'float', possible loss of data
c:\users\miches\desktop\gpsproject4\opengl_4_application_vs2015\opengl_4_application_vs2015.cpp(808): warning C4244: 'argument': conversion from 'double' to 'float', possible loss of data
c:\users\miches\desktop\gpsproject4\opengl_4_application_vs2015\opengl_4_application_vs2015.cpp(820): warning C4244: 'argument': conversion from 'int' to 'float', possible loss of data
c:\users\miches\desktop\gpsproject4\opengl_4_application_vs2015\opengl_4_application_vs2015.cpp(832): warning C4244: 'argument': conversion from 'double' to 'float', possible loss of data
c:\users\miches\desktop\gpsproject4\opengl_4_application_vs2015\opengl_4_application_vs2015.cpp(844): warning C4244: 'argument': conversion from 'int' to 'float', possible loss of data
LINK : warning LNK4098: defaultlib 'LIBCMT' conflicts with use of other libs; use /NODEFAULTLIB:library
  Generating code
  0 of 2204 functions ( 0.0%) were compiled, the rest were copied from previous compilation.
    0 functions were new in current compilation
    0 functions had inline decision re-evaluated but remain unchanged
  Finished generating code
Mesh.obj : warning LNK4049: locally defined symbol ___glewGenBuffers imported
Mesh.obj : warning LNK4049: locally defined symbol ___glewGenVertexArrays imported
Mesh.obj : warning LNK4049: locally defined symbol ___glewActiveTexture imported
Mesh.obj : warning LNK4049: locally defined symbol ___glewBufferData imported
Mesh.obj : warning LNK4049: locally defined symbol ___glewGetUniformLocation imported
Mesh.obj : warning LNK4049: locally defined symbol ___glewUniform1i imported
Mesh.obj : warning LNK4049: locally defined symbol ___glewBindBuffer imported
Mesh.obj : warning LNK4049: locally defined symbol ___glewVertexAttribPointer imported
Mesh.obj : warning LNK4049: locally defined symbol ___glewBindVertexArray imported
Mesh.obj : warning LNK4049: locally defined symbol ___glewEnableVertexAttribArray imported
Model3D.obj : warning LNK4049: locally defined symbol ___glewGenerateMipmap imported
Shader.obj : warning LNK4049: locally defined symbol ___glewLinkProgram imported
Shader.obj : warning LNK4049: locally defined symbol ___glewDeleteShader imported
Shader.obj : warning LNK4049: locally defined symbol ___glewGetProgramInfoLog imported
Shader.obj : warning LNK4049: locally defined symbol ___glewShaderSource imported
Shader.obj : warning LNK4049: locally defined symbol ___glewAttachShader imported
Shader.obj : warning LNK4049: locally defined symbol ___glewGetProgramiv imported
Shader.obj : warning LNK4049: locally defined symbol ___glewGetShaderInfoLog imported
Shader.obj : warning LNK4049: locally defined symbol ___glewCreateProgram imported
Shader.obj : warning LNK4049: locally defined symbol ___glewCreateShader imported
Shader.obj : warning LNK4049: locally defined symbol ___glewCompileShader imported
Shader.obj : warning LNK4049: locally defined symbol ___glewGetShaderiv imported
Shader.obj : warning LNK4049: locally defined symbol ___glewUseProgram imported
SkyBox.obj : warning LNK4049: locally defined symbol ___glewUniformMatrix4fv imported
glew32s.lib(glew.obj) : warning LNK4099: PDB 'vc120.pdb' was not found with 'glew32s.lib(glew.obj)' or at 'C:\Users\Miches\Desktop\gpsproject4\Release\vc120.pdb'; linking object as if no debug info
  OpenGL_4_Application_VS2015.vcxproj -> C:\Users\Miches\Desktop\gpsproject4\Release\OpenGL_4_Application_VS2015.exe
